{
  "RSpec": {
    "coverage": {
      "/Users/lchang/Projects/transam_sign/lib/transam_sign.rb": [
        1,
        1,
        null,
        1,
        null,
        null
      ],
      "/Users/lchang/Projects/transam_sign/lib/transam_sign/engine.rb": [
        1,
        1,
        null,
        1,
        1,
        1,
        1,
        1,
        null,
        null,
        1,
        1,
        0,
        0,
        null,
        null,
        null,
        null,
        1,
        1,
        1,
        1,
        1,
        null,
        null,
        null
      ],
      "/Users/lchang/Projects/transam_sign/lib/transam_sign/transam_sign_asset.rb": [
        1,
        null,
        null,
        null,
        null,
        null,
        null,
        null,
        null,
        1,
        null,
        1,
        null,
        null,
        null,
        null,
        null,
        1,
        null,
        null,
        null,
        null,
        null,
        null,
        null,
        null,
        null,
        null,
        null,
        null,
        null,
        null,
        null,
        null,
        null,
        1,
        1,
        0,
        null,
        null,
        null,
        null,
        null,
        null,
        null,
        null,
        1,
        0,
        0,
        0,
        0,
        null,
        0,
        null,
        null,
        1,
        0,
        0,
        0,
        0,
        null,
        0,
        null,
        null,
        1,
        1,
        1,
        0,
        0,
        null,
        0,
        null,
        null,
        1,
        null,
        1,
        0,
        null,
        null
      ],
      "/Users/lchang/Projects/transam_sign/app/helpers/transam_sign_helper.rb": [
        1,
        null,
        null,
        1,
        1,
        1,
        1,
        1,
        1,
        1,
        1,
        1,
        1,
        1,
        1,
        1,
        1,
        1,
        1,
        1,
        null,
        null,
        1,
        1,
        1,
        40,
        null,
        1,
        null,
        null
      ],
      "/Users/lchang/Projects/transam_sign/app/calculators/service_life_age_and_mileage.rb": [
        null,
        null,
        null,
        null,
        null,
        1,
        null,
        null,
        null,
        1,
        null,
        3,
        null,
        null,
        3,
        null,
        null,
        3,
        null,
        null,
        3,
        null,
        null,
        1,
        null,
        null,
        1,
        null,
        8,
        null,
        null,
        null,
        null,
        8,
        8,
        8,
        8,
        8,
        8,
        8,
        8,
        5,
        5,
        null,
        null,
        null,
        null,
        null,
        null,
        null,
        3,
        null,
        3,
        null,
        null,
        null,
        null
      ],
      "/Users/lchang/Projects/transam_sign/app/jobs/asset_mileage_update_job.rb": [
        null,
        null,
        null,
        null,
        null,
        null,
        null,
        1,
        null,
        null,
        1,
        1,
        null,
        null,
        1,
        1,
        null,
        null,
        1,
        1,
        null,
        null,
        null
      ],
      "/Users/lchang/Projects/transam_sign/app/models/blank_type.rb": [
        1,
        null,
        1,
        null,
        4,
        null,
        1,
        1,
        null,
        null,
        null
      ],
      "/Users/lchang/Projects/transam_sign/app/models/color_type.rb": [
        1,
        null,
        4,
        null,
        1,
        null,
        1,
        1,
        null,
        null,
        null,
        null
      ],
      "/Users/lchang/Projects/transam_sign/app/models/crew_member.rb": [
        null,
        null,
        null,
        null,
        null,
        null,
        null,
        1,
        null,
        null,
        null,
        1,
        null,
        null,
        null,
        null,
        null,
        1,
        null,
        null,
        1,
        null,
        null,
        null,
        null,
        null,
        null,
        4,
        null,
        4,
        null,
        null,
        null,
        null,
        1,
        1,
        null,
        null,
        null,
        null,
        null,
        null,
        1,
        null,
        null,
        null,
        null,
        null,
        null,
        null,
        null,
        null,
        null,
        1,
        1,
        null,
        null,
        null,
        null,
        null,
        null,
        null,
        null,
        null,
        null,
        null,
        null,
        null,
        1,
        null,
        null,
        1,
        null,
        null,
        null
      ],
      "/Users/lchang/Projects/transam_sign/app/models/direction_type.rb": [
        1,
        null,
        4,
        null,
        1,
        null,
        1,
        1,
        null,
        null,
        null
      ],
      "/Users/lchang/Projects/transam_sign/app/models/fuel_type.rb": [
        1,
        null,
        null,
        54,
        null,
        null,
        1,
        null,
        1,
        2,
        1,
        null,
        1,
        1,
        null,
        2,
        null,
        null,
        1,
        2,
        null,
        null,
        null
      ],
      "/Users/lchang/Projects/transam_sign/app/models/sheeting_type.rb": [
        1,
        null,
        4,
        null,
        1,
        null,
        1,
        1,
        null,
        null,
        null
      ],
      "/Users/lchang/Projects/transam_sign/app/models/side_type.rb": [
        1,
        null,
        4,
        null,
        1,
        null,
        1,
        1,
        null,
        null,
        null
      ],
      "/Users/lchang/Projects/transam_sign/app/models/sign_standard.rb": [
        null,
        null,
        null,
        null,
        null,
        null,
        null,
        null,
        null,
        null,
        null,
        null,
        null,
        null,
        null,
        null,
        null,
        null,
        null,
        null,
        1,
        null,
        null,
        null,
        null,
        1,
        null,
        null,
        null,
        null,
        1,
        null,
        null,
        null,
        null,
        null,
        1,
        null,
        null,
        1,
        null,
        null,
        1,
        null,
        null,
        1,
        null,
        null,
        1,
        null,
        null,
        null,
        null,
        1,
        null,
        1,
        null,
        null,
        null,
        1,
        1,
        1,
        1,
        1,
        null,
        null,
        null,
        null,
        null,
        null,
        null,
        1,
        null,
        null,
        null,
        null,
        null,
        null,
        null,
        null,
        null,
        null,
        null,
        1,
        null,
        null,
        null,
        null,
        null,
        null,
        null,
        null,
        null,
        null,
        null,
        null,
        1,
        1,
        null,
        null,
        1,
        3,
        null,
        null,
        null,
        null,
        null,
        null,
        null,
        null,
        null,
        1,
        1,
        null,
        null,
        null,
        1,
        2,
        null,
        null,
        null,
        1,
        3,
        null,
        1,
        2,
        null,
        1,
        null,
        1,
        null,
        null,
        null,
        null,
        1,
        2,
        1,
        null,
        1,
        null,
        null,
        null,
        1,
        2,
        null,
        null,
        1,
        1,
        null,
        null,
        null,
        1,
        5,
        null,
        null,
        null,
        1,
        9,
        null,
        null,
        null,
        1,
        7,
        null,
        null,
        1,
        1,
        null,
        null,
        null,
        null,
        null,
        null,
        null,
        1,
        null,
        null,
        1,
        96,
        null,
        null,
        null
      ],
      "/Users/lchang/Projects/transam_sign/app/models/sign_standard_type.rb": [
        null,
        null,
        null,
        null,
        null,
        null,
        null,
        null,
        1,
        null,
        64,
        null,
        null,
        1,
        null,
        null,
        1,
        null,
        null,
        1,
        null,
        1,
        1,
        null,
        null,
        null
      ],
      "/Users/lchang/Projects/transam_sign/app/models/support_size_type.rb": [
        1,
        null,
        4,
        null,
        1,
        null,
        1,
        1,
        null,
        null,
        null
      ],
      "/Users/lchang/Projects/transam_sign/app/models/support_type.rb": [
        1,
        null,
        4,
        null,
        1,
        1,
        1,
        null,
        1,
        1,
        null,
        null,
        null
      ],
      "/Users/lchang/Projects/transam_sign/app/models/time_of_day_type.rb": [
        1,
        null,
        4,
        null,
        1,
        null,
        1,
        1,
        null,
        null,
        null
      ],
      "/Users/lchang/Projects/transam_sign/app/models/vehicle_feature.rb": [
        1,
        null,
        null,
        64,
        null,
        null,
        1,
        null,
        1,
        2,
        1,
        null,
        1,
        1,
        null,
        2,
        null,
        null,
        1,
        1,
        null,
        null,
        null
      ],
      "/Users/lchang/Projects/transam_sign/app/models/mileage_update_event.rb": [
        null,
        null,
        null,
        1,
        null,
        null,
        1,
        null,
        null,
        1,
        1,
        null,
        null,
        null,
        null,
        58,
        null,
        null,
        1,
        null,
        null,
        null,
        null,
        null,
        null,
        null,
        null,
        null,
        1,
        1,
        null,
        null,
        null,
        1,
        13,
        null,
        null,
        null,
        null,
        null,
        null,
        null,
        null,
        1,
        29,
        28,
        null,
        null,
        null,
        null,
        1,
        1,
        null,
        null,
        1,
        null,
        null,
        1,
        36,
        36,
        null,
        null,
        null,
        null,
        1,
        32,
        32,
        32,
        5,
        null,
        32,
        1,
        null,
        null,
        null,
        null
      ],
      "/Users/lchang/Projects/transam_sign/app/models/service_vehicle.rb": [
        null,
        null,
        null,
        null,
        null,
        null,
        null,
        1,
        null,
        null,
        1,
        null,
        null,
        1,
        1,
        null,
        null,
        29,
        null,
        null,
        null,
        null,
        null,
        null,
        13,
        null,
        null,
        1,
        null,
        null,
        1,
        null,
        null,
        1,
        null,
        null,
        1,
        null,
        null,
        null,
        null,
        1,
        1,
        1,
        1,
        1,
        1,
        1,
        1,
        1,
        null,
        null,
        null,
        null,
        null,
        81,
        null,
        null,
        null,
        null,
        null,
        null,
        null,
        1,
        null,
        1,
        null,
        null,
        null,
        null,
        null,
        null,
        null,
        null,
        null,
        null,
        1,
        null,
        1,
        null,
        null,
        null,
        null,
        null,
        null,
        null,
        null,
        null,
        null,
        1,
        1,
        3,
        1,
        null,
        null,
        null,
        1,
        1,
        null,
        null,
        null,
        1,
        1,
        null,
        null,
        null,
        null,
        null,
        null,
        null,
        null,
        null,
        null,
        null,
        null,
        null,
        null,
        null,
        null,
        1,
        63,
        null,
        null,
        null,
        1,
        0,
        0,
        0,
        null,
        null,
        1,
        2,
        2,
        2,
        2,
        null,
        null,
        1,
        2,
        2,
        2,
        2,
        null,
        null,
        1,
        1,
        1,
        1,
        1,
        null,
        null,
        null,
        null,
        1,
        null,
        2,
        null,
        null,
        2,
        null,
        2,
        2,
        0,
        0,
        null,
        2,
        2,
        2,
        null,
        2,
        0,
        0,
        null,
        null,
        null,
        null,
        null,
        1,
        1,
        null,
        null,
        null,
        null,
        null,
        null,
        null,
        1,
        null,
        null,
        1,
        51,
        null,
        null,
        null,
        1,
        91,
        91,
        91,
        91,
        91,
        91,
        null,
        null,
        null
      ],
      "/Users/lchang/Projects/transam_sign/app/models/sign.rb": [
        null,
        null,
        null,
        null,
        null,
        null,
        null,
        1,
        null,
        null,
        null,
        null,
        null,
        null,
        null,
        null,
        1,
        null,
        null,
        null,
        null,
        null,
        1,
        null,
        null,
        1,
        null,
        null,
        1,
        null,
        null,
        1,
        null,
        null,
        1,
        null,
        null,
        1,
        null,
        null,
        1,
        null,
        null,
        1,
        null,
        null,
        1,
        null,
        null,
        1,
        null,
        null,
        1,
        null,
        null,
        1,
        null,
        null,
        null,
        null,
        null,
        1,
        null,
        null,
        null,
        null,
        null,
        null,
        null,
        null,
        null,
        null,
        1,
        1,
        null,
        1,
        null,
        null,
        null,
        null,
        null,
        null,
        null,
        1,
        null,
        null,
        null,
        null,
        null,
        null,
        1,
        null,
        null,
        null,
        null,
        null,
        null,
        null,
        null,
        null,
        null,
        null,
        null,
        null,
        null,
        null,
        null,
        null,
        null,
        1,
        null,
        null,
        null,
        null,
        null,
        null,
        null,
        null,
        1,
        1,
        null,
        null,
        null,
        null,
        null,
        null,
        null,
        null,
        null,
        null,
        1,
        2,
        1,
        null,
        1,
        null,
        2,
        null,
        null,
        1,
        1,
        null,
        1,
        1,
        null,
        1,
        1,
        null,
        null,
        1,
        3,
        null,
        null,
        1,
        1,
        null,
        null,
        null,
        1,
        0,
        0,
        0,
        null,
        null,
        null,
        1,
        1,
        null,
        null,
        null,
        1,
        1,
        null,
        null,
        1,
        4,
        4,
        4,
        16,
        null,
        4,
        null,
        null,
        1,
        0,
        0,
        0,
        0,
        null,
        0,
        null,
        null,
        null,
        null,
        null,
        null,
        null,
        1,
        null,
        null,
        1,
        30,
        30,
        30,
        null,
        null,
        null
      ],
      "/Users/lchang/Projects/transam_sign/lib/transam_sign/version.rb": [
        0,
        0,
        0
      ]
    },
    "timestamp": 1457540893
  }
}
